<?xml version="1.0" encoding="UTF-8"?>
<!-- Generated by org.testng.reporters.JUnitXMLReporter -->
<testsuite hostname="DESKTOP-GHPND5U" ignored="5" name="Default test" tests="1" failures="0" timestamp="30 Nov 2019 16:54:34 GMT" time="17.583" errors="0">
  <testcase name="obrisiKvar" time="0.504" classname="testCases.KvaroviTest"/>
  <testcase name="dodavanjeKvarNegativniTest" time="0.0" classname="testCases.KvaroviTest">
    <ignored/>
  </testcase> <!-- dodavanjeKvarNegativniTest -->
  <testcase name="dodavanjeKvaraPosBezOdgLica" time="0.0" classname="testCases.KvaroviTest">
    <ignored/>
  </testcase> <!-- dodavanjeKvaraPosBezOdgLica -->
  <testcase name="dodavanjeKvarNegativniTest1" time="0.0" classname="testCases.KvaroviTest">
    <ignored/>
  </testcase> <!-- dodavanjeKvarNegativniTest1 -->
  <testcase name="dodavanjeKvaraPos" time="0.0" classname="testCases.KvaroviTest">
    <ignored/>
  </testcase> <!-- dodavanjeKvaraPos -->
  <testcase name="dodavanjeKvarNegativniTest2" time="0.0" classname="testCases.KvaroviTest">
    <ignored/>
  </testcase> <!-- dodavanjeKvarNegativniTest2 -->
</testsuite> <!-- Default test -->
