<?xml version="1.0" encoding="UTF-8"?>
<!-- Generated by org.testng.reporters.JUnitXMLReporter -->
<testsuite hostname="DESKTOP-GHPND5U" ignored="0" name="Test6" tests="5" failures="0" timestamp="02 Dec 2019 22:55:59 GMT" time="20.358" errors="0">
  <testcase name="PozitivanTestPretrageStanara1" time="0.806" classname="testCases.PregledStanaraTest"/>
  <testcase name="PozitivanTestPretrageStanara1" time="0.734" classname="testCases.PregledStanaraTest"/>
  <testcase name="PozitivanTestPretrageStanara1" time="0.48" classname="testCases.PregledStanaraTest"/>
  <testcase name="PozitivanTestPretrageStanara1" time="0.483" classname="testCases.PregledStanaraTest"/>
  <testcase name="PozitivanTestPretrageStanara5" time="0.488" classname="testCases.PregledStanaraTest"/>
</testsuite> <!-- Test6 -->
