<?xml version="1.0" encoding="UTF-8"?>
<!-- Generated by org.testng.reporters.JUnitXMLReporter -->
<testsuite hostname="DESKTOP-GHPND5U" ignored="0" name="Test" tests="7" failures="0" timestamp="02 Dec 2019 22:47:11 GMT" time="21.838" errors="0">
  <testcase name="promenaLozinkePos" time="3.432" classname="testCases.PromenaLozinkeTest"/>
  <testcase name="potvrdaDaJeLozinkaPromenjena" time="1.08" classname="testCases.PromenaLozinkeTest"/>
  <testcase name="negativniTestovi1" time="1.03" classname="testCases.PromenaLozinkeTest"/>
  <testcase name="negativniTestovi2" time="0.7" classname="testCases.PromenaLozinkeTest"/>
  <testcase name="negativniTestovi3" time="0.706" classname="testCases.PromenaLozinkeTest"/>
  <testcase name="negativniTestovi4" time="0.74" classname="testCases.PromenaLozinkeTest"/>
  <testcase name="negativniTestovi5" time="1.002" classname="testCases.PromenaLozinkeTest"/>
</testsuite> <!-- Test -->
