<?xml version="1.0" encoding="UTF-8"?>
<!-- Generated by org.testng.reporters.JUnitXMLReporter -->
<testsuite hostname="DESKTOP-GHPND5U" ignored="0" name="Test4" tests="5" failures="0" timestamp="02 Dec 2019 22:55:07 GMT" time="17.325" errors="0">
  <testcase name="loginNegativniTestovi" time="0.932" classname="testCases.LoginTest"/>
  <testcase name="loginNegativniTestovi" time="0.771" classname="testCases.LoginTest"/>
  <testcase name="loginNegativniTestovi" time="1.07" classname="testCases.LoginTest"/>
  <testcase name="loginNegativniTestovi" time="0.868" classname="testCases.LoginTest"/>
  <testcase name="loginPositivniTest" time="1.414" classname="testCases.LoginTest"/>
</testsuite> <!-- Test4 -->
