<?xml version="1.0" encoding="UTF-8"?>
<testng-results skipped="0" failed="0" ignored="0" total="7" passed="7">
  <reporter-output>
  </reporter-output>
  <suite name="Default suite" duration-ms="19209" started-at="2019-12-05T14:47:09Z" finished-at="2019-12-05T14:47:28Z">
    <groups>
    </groups>
    <test name="Default test" duration-ms="19209" started-at="2019-12-05T14:47:09Z" finished-at="2019-12-05T14:47:28Z">
      <class name="testCases.PromenaLozinkeTest">
        <test-method status="PASS" signature="SetUp()[pri:0, instance:testCases.PromenaLozinkeTest@42e26948]" name="SetUp" is-config="true" duration-ms="10596" started-at="2019-12-05T14:47:09Z" finished-at="2019-12-05T14:47:19Z">
          <reporter-output>
          </reporter-output>
        </test-method> <!-- SetUp -->
        <test-method status="PASS" signature="promenaLozinkePos()[pri:1, instance:testCases.PromenaLozinkeTest@42e26948]" name="promenaLozinkePos" duration-ms="2817" started-at="2019-12-05T14:47:19Z" finished-at="2019-12-05T14:47:22Z">
          <reporter-output>
          </reporter-output>
        </test-method> <!-- promenaLozinkePos -->
        <test-method status="PASS" signature="potvrdaDaJeLozinkaPromenjena()[pri:2, instance:testCases.PromenaLozinkeTest@42e26948]" name="potvrdaDaJeLozinkaPromenjena" duration-ms="1147" started-at="2019-12-05T14:47:22Z" finished-at="2019-12-05T14:47:23Z">
          <reporter-output>
          </reporter-output>
        </test-method> <!-- potvrdaDaJeLozinkaPromenjena -->
        <test-method status="PASS" signature="negativniTestovi1()[pri:3, instance:testCases.PromenaLozinkeTest@42e26948]" name="negativniTestovi1" duration-ms="852" started-at="2019-12-05T14:47:23Z" finished-at="2019-12-05T14:47:24Z">
          <reporter-output>
          </reporter-output>
        </test-method> <!-- negativniTestovi1 -->
        <test-method status="PASS" signature="negativniTestovi2()[pri:4, instance:testCases.PromenaLozinkeTest@42e26948]" name="negativniTestovi2" duration-ms="715" started-at="2019-12-05T14:47:24Z" finished-at="2019-12-05T14:47:25Z">
          <reporter-output>
          </reporter-output>
        </test-method> <!-- negativniTestovi2 -->
        <test-method status="PASS" signature="negativniTestovi3()[pri:5, instance:testCases.PromenaLozinkeTest@42e26948]" name="negativniTestovi3" duration-ms="576" started-at="2019-12-05T14:47:25Z" finished-at="2019-12-05T14:47:25Z">
          <reporter-output>
          </reporter-output>
        </test-method> <!-- negativniTestovi3 -->
        <test-method status="PASS" signature="negativniTestovi4()[pri:6, instance:testCases.PromenaLozinkeTest@42e26948]" name="negativniTestovi4" duration-ms="529" started-at="2019-12-05T14:47:25Z" finished-at="2019-12-05T14:47:26Z">
          <reporter-output>
          </reporter-output>
        </test-method> <!-- negativniTestovi4 -->
        <test-method status="PASS" signature="negativniTestovi5()[pri:7, instance:testCases.PromenaLozinkeTest@42e26948]" name="negativniTestovi5" duration-ms="744" started-at="2019-12-05T14:47:26Z" finished-at="2019-12-05T14:47:27Z">
          <reporter-output>
          </reporter-output>
        </test-method> <!-- negativniTestovi5 -->
        <test-method status="PASS" signature="tearDown()[pri:0, instance:testCases.PromenaLozinkeTest@42e26948]" name="tearDown" is-config="true" duration-ms="1186" started-at="2019-12-05T14:47:27Z" finished-at="2019-12-05T14:47:28Z">
          <reporter-output>
          </reporter-output>
        </test-method> <!-- tearDown -->
      </class> <!-- testCases.PromenaLozinkeTest -->
    </test> <!-- Default test -->
  </suite> <!-- Default suite -->
</testng-results>
